<?xml version="1.0" encoding="UTF-8"?>
<!-- Generated by org.testng.reporters.JUnitXMLReporter -->
<testsuite hostname="LAPTOP-IVDTKOOS" ignored="0" name="Dashboard" tests="1" failures="1" timestamp="2022-06-13T17:24:07 IST" time="48.042" errors="0">
  <testcase name="verifyBrandsTagsCategoriesLabelsFieldDisappersInPrivateTypeRewardTest" time="36.715" classname="testCases.RewardCreationTest">
    <failure type="java.lang.AssertionError" message="The following asserts failed:
	fields did not disappear on private type of reward expected [true] but found [false]">
      <![CDATA[java.lang.AssertionError: The following asserts failed:
fields did not disappear on private type of reward expected [true] but found [false]
at testCases.RewardCreationTest.verifyBrandsTagsCategoriesLabelsFieldDisappersInPrivateTypeRewardTest(RewardCreationTest.java:72)
at java.util.ArrayList.forEach(ArrayList.java:1259)
... Removed 33 stack frames]]>
    </failure>
  </testcase> <!-- verifyBrandsTagsCategoriesLabelsFieldDisappersInPrivateTypeRewardTest -->
</testsuite> <!-- Dashboard -->
