<?xml version="1.0" encoding="UTF-8"?>
<testng-results skipped="0" failed="1" ignored="0" total="1" passed="0">
  <reporter-output>
  </reporter-output>
  <suite name="PerxTech" duration-ms="48042" started-at="2022-06-13T17:23:19 IST" finished-at="2022-06-13T17:24:07 IST">
    <groups>
    </groups>
    <test name="Dashboard" duration-ms="48042" started-at="2022-06-13T17:23:19 IST" finished-at="2022-06-13T17:24:07 IST">
      <class name="testCases.RewardCreationTest">
        <test-method status="PASS" signature="startLogs()[pri:0, instance:testCases.RewardCreationTest@58c1670b]" name="startLogs" is-config="true" duration-ms="14" started-at="2022-06-13T17:23:19 IST" finished-at="2022-06-13T17:23:19 IST">
          <reporter-output>
          </reporter-output>
        </test-method> <!-- startLogs -->
        <test-method status="PASS" signature="setUp()[pri:0, instance:testCases.RewardCreationTest@58c1670b]" name="setUp" is-config="true" duration-ms="4160" started-at="2022-06-13T17:23:19 IST" finished-at="2022-06-13T17:23:23 IST">
          <reporter-output>
          </reporter-output>
        </test-method> <!-- setUp -->
        <test-method status="PASS" signature="openPage()[pri:0, instance:testCases.RewardCreationTest@58c1670b]" name="openPage" is-config="true" duration-ms="3666" started-at="2022-06-13T17:23:23 IST" finished-at="2022-06-13T17:23:26 IST">
          <reporter-output>
          </reporter-output>
        </test-method> <!-- openPage -->
        <test-method status="FAIL" signature="verifyBrandsTagsCategoriesLabelsFieldDisappersInPrivateTypeRewardTest()[pri:0, instance:testCases.RewardCreationTest@58c1670b]" name="verifyBrandsTagsCategoriesLabelsFieldDisappersInPrivateTypeRewardTest" duration-ms="36715" started-at="2022-06-13T17:23:26 IST" finished-at="2022-06-13T17:24:03 IST">
          <exception class="java.lang.AssertionError">
            <message>
              <![CDATA[The following asserts failed:
fields did not disappear on private type of reward expected [true] but found [false]]]>
            </message>
            <full-stacktrace>
              <![CDATA[java.lang.AssertionError: The following asserts failed:
fields did not disappear on private type of reward expected [true] but found [false]
at org.testng.asserts.SoftAssert.assertAll(SoftAssert.java:47)
at org.testng.asserts.SoftAssert.assertAll(SoftAssert.java:31)
at testCases.RewardCreationTest.verifyBrandsTagsCategoriesLabelsFieldDisappersInPrivateTypeRewardTest(RewardCreationTest.java:72)
at sun.reflect.NativeMethodAccessorImpl.invoke0(Native Method)
at sun.reflect.NativeMethodAccessorImpl.invoke(NativeMethodAccessorImpl.java:62)
at sun.reflect.DelegatingMethodAccessorImpl.invoke(DelegatingMethodAccessorImpl.java:43)
at java.lang.reflect.Method.invoke(Method.java:498)
at org.testng.internal.MethodInvocationHelper.invokeMethod(MethodInvocationHelper.java:132)
at org.testng.internal.TestInvoker.invokeMethod(TestInvoker.java:599)
at org.testng.internal.TestInvoker.invokeTestMethod(TestInvoker.java:174)
at org.testng.internal.MethodRunner.runInSequence(MethodRunner.java:46)
at org.testng.internal.TestInvoker$MethodInvocationAgent.invoke(TestInvoker.java:822)
at org.testng.internal.TestInvoker.invokeTestMethods(TestInvoker.java:147)
at org.testng.internal.TestMethodWorker.invokeTestMethods(TestMethodWorker.java:146)
at org.testng.internal.TestMethodWorker.run(TestMethodWorker.java:128)
at java.util.ArrayList.forEach(ArrayList.java:1259)
at org.testng.TestRunner.privateRun(TestRunner.java:764)
at org.testng.TestRunner.run(TestRunner.java:585)
at org.testng.SuiteRunner.runTest(SuiteRunner.java:384)
at org.testng.SuiteRunner.runSequentially(SuiteRunner.java:378)
at org.testng.SuiteRunner.privateRun(SuiteRunner.java:337)
at org.testng.SuiteRunner.run(SuiteRunner.java:286)
at org.testng.SuiteRunnerWorker.runSuite(SuiteRunnerWorker.java:53)
at org.testng.SuiteRunnerWorker.run(SuiteRunnerWorker.java:96)
at org.testng.TestNG.runSuitesSequentially(TestNG.java:1218)
at org.testng.TestNG.runSuitesLocally(TestNG.java:1140)
at org.testng.TestNG.runSuites(TestNG.java:1069)
at org.testng.TestNG.run(TestNG.java:1037)
at org.apache.maven.surefire.testng.TestNGExecutor.run(TestNGExecutor.java:283)
at org.apache.maven.surefire.testng.TestNGXmlTestSuite.execute(TestNGXmlTestSuite.java:75)
at org.apache.maven.surefire.testng.TestNGProvider.invoke(TestNGProvider.java:120)
at org.apache.maven.surefire.booter.ForkedBooter.runSuitesInProcess(ForkedBooter.java:377)
at org.apache.maven.surefire.booter.ForkedBooter.execute(ForkedBooter.java:138)
at org.apache.maven.surefire.booter.ForkedBooter.run(ForkedBooter.java:465)
at org.apache.maven.surefire.booter.ForkedBooter.main(ForkedBooter.java:451)
]]>
            </full-stacktrace>
          </exception> <!-- java.lang.AssertionError -->
          <reporter-output>
          </reporter-output>
        </test-method> <!-- verifyBrandsTagsCategoriesLabelsFieldDisappersInPrivateTypeRewardTest -->
        <test-method status="PASS" signature="tearDown()[pri:0, instance:testCases.RewardCreationTest@58c1670b]" name="tearDown" is-config="true" duration-ms="297" started-at="2022-06-13T17:24:06 IST" finished-at="2022-06-13T17:24:07 IST">
          <reporter-output>
          </reporter-output>
        </test-method> <!-- tearDown -->
      </class> <!-- testCases.RewardCreationTest -->
    </test> <!-- Dashboard -->
  </suite> <!-- PerxTech -->
</testng-results>
