<?xml version="1.0" encoding="UTF-8"?>
<testsuite xmlns:xsi="http://www.w3.org/2001/XMLSchema-instance" xsi:noNamespaceSchemaLocation="https://maven.apache.org/surefire/maven-surefire-plugin/xsd/surefire-test-report-3.0.xsd" version="3.0" name="TestSuite" time="410.297" tests="13" errors="0" skipped="0" failures="3">
  <properties>
[...]
</properties>
  <testcase name="verifyEachFileShouldBeTiedToOneActionTest" classname="testCases.BulkActionsTest" time="27.496"/>
  <testcase name="verifyNewlyUploadedFileReflectsInListTest" classname="testCases.BulkActionsTest" time="14.723"/>
  <testcase name="verifyUserAbleToUploadCsvTypeFileTest" classname="testCases.BulkActionsTest" time="14.662"/>
  <testcase name="verifyUserAbleToUploadExcelTypeFile" classname="testCases.BulkActionsTest" time="12.543">
    <failure message="The following asserts failed:&#10;	Excel type file not accepted expected [true] but found [false]" type="java.lang.AssertionError"><![CDATA[java.lang.AssertionError: 
The following asserts failed:
	Excel type file not accepted expected [true] but found [false]
	at testCases.BulkActionsTest.verifyUserAbleToUploadExcelTypeFile(BulkActionsTest.java:38)
]]></failure>
    <system-out><![CDATA[2022-06-13 17:44:37 INFO  ListenerTest:63 - *******************testCases.BulkActionsTest.verifyUserAbleToUploadExcelTypeFile started*******************
 2022-06-13 17:44:37 INFO  JavaScriptHelper:27 - arguments[0].scrollIntoView()
 2022-06-13 17:44:37 INFO  JavaScriptHelper:47 - scrolled into view of : [[ChromeDriver: chrome on WINDOWS (3b3aaeb080d2050f0a8697f7d64ccbe3)] -> xpath: //input[@id='email']]
 2022-06-13 17:44:37 INFO  LoginPage:73 - Entered email : thao+test-qa-interview@perxtech.com
 2022-06-13 17:44:37 INFO  JavaScriptHelper:27 - arguments[0].scrollIntoView()
 2022-06-13 17:44:37 INFO  JavaScriptHelper:47 - scrolled into view of : [[ChromeDriver: chrome on WINDOWS (3b3aaeb080d2050f0a8697f7d64ccbe3)] -> xpath: //input[@id='password']]
 2022-06-13 17:44:38 INFO  LoginPage:75 - Entered password : admin1234
 2022-06-13 17:44:38 INFO  LoginPage:77 - clicked on login button
 2022-06-13 17:44:39 INFO  OverviewPage:122 - clicked on bulk actions section 
 2022-06-13 17:44:40 INFO  BulkActionsPage:82 - clicked on upload button
 2022-06-13 17:44:40 INFO  BulkActionsPage:83 - Selecting option type as : Upload Users
 2022-06-13 17:44:41 INFO  BasePage:59 - inside catch after exception :ElementClickInterceptedException
 2022-06-13 17:44:41 INFO  ExplicitWait:138 - Waiting for element to be clickable: [[ChromeDriver: chrome on WINDOWS (3b3aaeb080d2050f0a8697f7d64ccbe3)] -> xpath: //span[@class='ant-select-arrow']]
 2022-06-13 17:44:42 INFO  BulkActionsPage:91 - selected option type as : Upload Users
 2022-06-13 17:44:42 INFO  BulkActionsPage:93 - clicked on file drop area 
 2022-06-13 17:44:42 INFO  BulkActionsPage:95 - clicked on upload button on form and uploaded file
 2022-06-13 17:44:42 INFO  BulkActionsPage:96 - Uploading file : sampleExcel.xlsx
 2022-06-13 17:44:42 INFO  BulkActionsPage:97 - uploading file of type : xlsx
 2022-06-13 17:44:46 INFO  BulkActionsPage:101 - Alert poped up as : Error uploading file.
 ]]></system-out>
    <system-err><![CDATA[Starting ChromeDriver 102.0.5005.61 (0e59bcc00cc4985ce39ad31c150065f159d95ad3-refs/branch-heads/5005@{#819}) on port 18717
Only local connections are allowed.
Please see https://chromedriver.chromium.org/security-considerations for suggestions on keeping ChromeDriver safe.
ChromeDriver was started successfully.
Jun 13, 2022 5:44:33 PM org.openqa.selenium.remote.ProtocolHandshake createSession
INFO: Detected dialect: W3C
]]></system-err>
  </testcase>
  <testcase name="verifyUserAbleToUploadTxtTypeFileTest" classname="testCases.BulkActionsTest" time="13.692">
    <failure message="The following asserts failed:&#10;	Text type file not accepted expected [true] but found [false]" type="java.lang.AssertionError"><![CDATA[java.lang.AssertionError: 
The following asserts failed:
	Text type file not accepted expected [true] but found [false]
	at testCases.BulkActionsTest.verifyUserAbleToUploadTxtTypeFileTest(BulkActionsTest.java:54)
]]></failure>
    <system-out><![CDATA[2022-06-13 17:44:54 INFO  ListenerTest:63 - *******************testCases.BulkActionsTest.verifyUserAbleToUploadTxtTypeFileTest started*******************
 2022-06-13 17:44:54 INFO  JavaScriptHelper:27 - arguments[0].scrollIntoView()
 2022-06-13 17:44:55 INFO  JavaScriptHelper:47 - scrolled into view of : [[ChromeDriver: chrome on WINDOWS (da792005290dcabd0c2290ef074361a3)] -> xpath: //input[@id='email']]
 2022-06-13 17:44:55 INFO  LoginPage:73 - Entered email : thao+test-qa-interview@perxtech.com
 2022-06-13 17:44:55 INFO  JavaScriptHelper:27 - arguments[0].scrollIntoView()
 2022-06-13 17:44:55 INFO  JavaScriptHelper:47 - scrolled into view of : [[ChromeDriver: chrome on WINDOWS (da792005290dcabd0c2290ef074361a3)] -> xpath: //input[@id='password']]
 2022-06-13 17:44:55 INFO  LoginPage:75 - Entered password : admin1234
 2022-06-13 17:44:55 INFO  LoginPage:77 - clicked on login button
 2022-06-13 17:44:58 INFO  OverviewPage:122 - clicked on bulk actions section 
 2022-06-13 17:44:58 INFO  BulkActionsPage:82 - clicked on upload button
 2022-06-13 17:44:58 INFO  BulkActionsPage:83 - Selecting option type as : Upload Users
 2022-06-13 17:45:00 INFO  BasePage:59 - inside catch after exception :ElementClickInterceptedException
 2022-06-13 17:45:00 INFO  ExplicitWait:138 - Waiting for element to be clickable: [[ChromeDriver: chrome on WINDOWS (da792005290dcabd0c2290ef074361a3)] -> xpath: //span[@class='ant-select-arrow']]
 2022-06-13 17:45:00 INFO  BulkActionsPage:91 - selected option type as : Upload Users
 2022-06-13 17:45:00 INFO  BulkActionsPage:93 - clicked on file drop area 
 2022-06-13 17:45:00 INFO  BulkActionsPage:95 - clicked on upload button on form and uploaded file
 2022-06-13 17:45:00 INFO  BulkActionsPage:96 - Uploading file : sampleText.txt
 2022-06-13 17:45:00 INFO  BulkActionsPage:97 - uploading file of type : txt
 2022-06-13 17:45:05 INFO  BulkActionsPage:101 - Alert poped up as : Error uploading file.
 ]]></system-out>
    <system-err><![CDATA[Starting ChromeDriver 102.0.5005.61 (0e59bcc00cc4985ce39ad31c150065f159d95ad3-refs/branch-heads/5005@{#819}) on port 34767
Only local connections are allowed.
Please see https://chromedriver.chromium.org/security-considerations for suggestions on keeping ChromeDriver safe.
ChromeDriver was started successfully.
Jun 13, 2022 5:44:51 PM org.openqa.selenium.remote.ProtocolHandshake createSession
INFO: Detected dialect: W3C
]]></system-err>
  </testcase>
  <testcase name="verifyUserNotAbleToUploadPDFTypeFileTest" classname="testCases.BulkActionsTest" time="11.334"/>
  <testcase name="VerifyNonAuthorizedUserShouldNotHaveAccessToRewardDetailPageTest" classname="testCases.OverviewTest" time="1.007"/>
  <testcase name="verifyAdminHasSufficientPermissionToVisitBulkFileUploadPage" classname="testCases.OverviewTest" time="3.707"/>
  <testcase name="verifyRewardAdminDoesNotHaveAccessToOtherSectionsTest" classname="testCases.OverviewTest" time="152.847"/>
  <testcase name="verifyRewardAdminHasSufficientPermissionToCreateRewardTest" classname="testCases.OverviewTest" time="2.836"/>
  <testcase name="newlyCreatedRewardPresentInListTest" classname="testCases.RewardsTest" time="15.842"/>
  <testcase name="verifyClickingCreateNewButtonLeadsToRewardCreationPageTest" classname="testCases.RewardsTest" time="5.357"/>
  <testcase name="verifyBrandsTagsCategoriesLabelsFieldDisappersInPrivateTypeRewardTest" classname="testCases.RewardCreationTest" time="42.618">
    <failure message="The following asserts failed:&#10;	fields did not disappear on private type of reward expected [true] but found [false]" type="java.lang.AssertionError"><![CDATA[java.lang.AssertionError: 
The following asserts failed:
	fields did not disappear on private type of reward expected [true] but found [false]
	at testCases.RewardCreationTest.verifyBrandsTagsCategoriesLabelsFieldDisappersInPrivateTypeRewardTest(RewardCreationTest.java:72)
]]></failure>
    <system-out><![CDATA[2022-06-13 17:49:09 INFO  ListenerTest:63 - *******************testCases.RewardCreationTest.verifyBrandsTagsCategoriesLabelsFieldDisappersInPrivateTypeRewardTest started*******************
 2022-06-13 17:49:09 INFO  JavaScriptHelper:27 - arguments[0].scrollIntoView()
 2022-06-13 17:49:09 INFO  JavaScriptHelper:47 - scrolled into view of : [[ChromeDriver: chrome on WINDOWS (57e7de79de3efd891caa0cb080d82ea8)] -> xpath: //input[@id='email']]
 2022-06-13 17:49:10 INFO  LoginPage:52 - Entered email : thao+reward-test-qa-interview@perxtech.com
 2022-06-13 17:49:10 INFO  JavaScriptHelper:27 - arguments[0].scrollIntoView()
 2022-06-13 17:49:10 INFO  JavaScriptHelper:47 - scrolled into view of : [[ChromeDriver: chrome on WINDOWS (57e7de79de3efd891caa0cb080d82ea8)] -> xpath: //input[@id='password']]
 2022-06-13 17:49:10 INFO  LoginPage:54 - Entered password : reward_admin
 2022-06-13 17:49:10 INFO  LoginPage:56 - clicked on login button
 2022-06-13 17:49:15 INFO  OverviewPage:111 - clicked on rewards section 
 2022-06-13 17:49:17 INFO  BasePage:59 - inside catch after exception :ElementClickInterceptedException
 2022-06-13 17:49:17 INFO  ExplicitWait:138 - Waiting for element to be clickable: [[ChromeDriver: chrome on WINDOWS (57e7de79de3efd891caa0cb080d82ea8)] -> xpath: //span[text()='Create New']]
 2022-06-13 17:49:17 INFO  RewardsPage:34 - clicked on Create New button
 2022-06-13 17:49:18 INFO  RewardsPage:38 - User navigated to Reward creation page : true
 2022-06-13 17:49:48 INFO  BasePage:49 - inside catch after exception :TimeoutException
 2022-06-13 17:49:48 INFO  RewardCreationPage:191 - Brands field present on priavte type of reward : false
 2022-06-13 17:49:48 INFO  RewardCreationPage:193 - tags field present on priavte type of reward : true
 2022-06-13 17:49:49 INFO  RewardCreationPage:195 - categories field present on priavte type of reward : true
 2022-06-13 17:49:49 INFO  RewardCreationPage:197 - lables field present on priavte type of reward : true
 ]]></system-out>
    <system-err><![CDATA[Starting ChromeDriver 102.0.5005.61 (0e59bcc00cc4985ce39ad31c150065f159d95ad3-refs/branch-heads/5005@{#819}) on port 27716
Only local connections are allowed.
Please see https://chromedriver.chromium.org/security-considerations for suggestions on keeping ChromeDriver safe.
ChromeDriver was started successfully.
Jun 13, 2022 5:49:06 PM org.openqa.selenium.remote.ProtocolHandshake createSession
INFO: Detected dialect: W3C
]]></system-err>
  </testcase>
</testsuite>