-------------------------------------------------------------------------------
Test set: TestSuite
-------------------------------------------------------------------------------
Tests run: 13, Failures: 3, Errors: 0, Skipped: 0, Time elapsed: 410.297 s <<< FAILURE! - in TestSuite
testCases.BulkActionsTest.verifyUserAbleToUploadExcelTypeFile  Time elapsed: 12.543 s  <<< FAILURE!
java.lang.AssertionError: 
The following asserts failed:
	Excel type file not accepted expected [true] but found [false]
	at testCases.BulkActionsTest.verifyUserAbleToUploadExcelTypeFile(BulkActionsTest.java:38)

testCases.BulkActionsTest.verifyUserAbleToUploadTxtTypeFileTest  Time elapsed: 13.692 s  <<< FAILURE!
java.lang.AssertionError: 
The following asserts failed:
	Text type file not accepted expected [true] but found [false]
	at testCases.BulkActionsTest.verifyUserAbleToUploadTxtTypeFileTest(BulkActionsTest.java:54)

testCases.RewardCreationTest.verifyBrandsTagsCategoriesLabelsFieldDisappersInPrivateTypeRewardTest  Time elapsed: 42.618 s  <<< FAILURE!
java.lang.AssertionError: 
The following asserts failed:
	fields did not disappear on private type of reward expected [true] but found [false]
	at testCases.RewardCreationTest.verifyBrandsTagsCategoriesLabelsFieldDisappersInPrivateTypeRewardTest(RewardCreationTest.java:72)

